This file contains any messages produced by compilers while
running configure, to aid debugging if configure makes a mistake.

It was created by lmfit configure 5:0, which was
generated by GNU Autoconf 2.69.  Invocation command line was

  $ ./configure 

## --------- ##
## Platform. ##
## --------- ##

hostname = localhost.localdomain
uname -m = x86_64
uname -r = 2.6.30.8-64.fc11.x86_64
uname -s = Linux
uname -v = #1 SMP Fri Sep 25 04:43:32 EDT 2009

/usr/bin/uname -p = unknown
/bin/uname -X     = unknown

/bin/arch              = x86_64
/usr/bin/arch -k       = unknown
/usr/convex/getsysinfo = unknown
/usr/bin/hostinfo      = unknown
/bin/machine           = unknown
/usr/bin/oslevel       = unknown
/bin/universe          = unknown

PATH: /home/HSO/Download/Scala/sbt/bin
PATH: /usr/kerberos/sbin
PATH: /usr/lib64/qt-3.3/bin
PATH: /usr/kerberos/bin
PATH: /usr/lib64/ccache
PATH: /usr/local/bin
PATH: /usr/bin
PATH: /bin
PATH: /usr/local/sbin
PATH: /usr/sbin
PATH: /sbin
PATH: /usr/lib64/alliance/bin
PATH: /usr/libexec/sdcc
PATH: /home/HSO/bin
PATH: /usr/lib64/alliance/bin
PATH: /usr/libexec/sdcc
PATH: /usr/lib64/alliance/bin
PATH: /usr/libexec/sdcc


## ----------- ##
## Core tests. ##
## ----------- ##

configure:2164: checking for a BSD-compatible install
configure:2232: result: /usr/bin/install -c
configure:2243: checking whether build environment is sane
configure:2298: result: yes
configure:2449: checking for a thread-safe mkdir -p
configure:2488: result: /bin/mkdir -p
configure:2495: checking for gawk
configure:2511: found /usr/bin/gawk
configure:2522: result: gawk
configure:2533: checking whether make sets $(MAKE)
configure:2555: result: yes
configure:2584: checking whether make supports nested variables
configure:2601: result: yes
configure:2714: checking build system type
configure:2728: result: x86_64-unknown-linux-gnu
configure:2748: checking host system type
configure:2761: result: x86_64-unknown-linux-gnu
configure:2802: checking how to print strings
configure:2829: result: printf
configure:2862: checking for style of include used by make
configure:2890: result: GNU
configure:2961: checking for gcc
configure:2977: found /usr/lib64/ccache/gcc
configure:2988: result: gcc
configure:3217: checking for C compiler version
configure:3226: gcc --version >&5
gcc (GCC) 4.4.1 20090725 (Red Hat 4.4.1-2)
Copyright (C) 2009 Free Software Foundation, Inc.
This is free software; see the source for copying conditions.  There is NO
warranty; not even for MERCHANTABILITY or FITNESS FOR A PARTICULAR PURPOSE.

configure:3237: $? = 0
configure:3226: gcc -v >&5
Using built-in specs.
Target: x86_64-redhat-linux
Configured with: ../configure --prefix=/usr --mandir=/usr/share/man --infodir=/usr/share/info --with-bugurl=http://bugzilla.redhat.com/bugzilla --enable-bootstrap --enable-shared --enable-threads=posix --enable-checking=release --with-system-zlib --enable-__cxa_atexit --disable-libunwind-exceptions --enable-languages=c,c++,objc,obj-c++,java,fortran,ada --enable-java-awt=gtk --disable-dssi --enable-plugin --with-java-home=/usr/lib/jvm/java-1.5.0-gcj-1.5.0.0/jre --enable-libgcj-multifile --enable-java-maintainer-mode --with-ecj-jar=/usr/share/java/eclipse-ecj.jar --disable-libjava-multilib --with-ppl --with-cloog --with-tune=generic --with-arch_32=i586 --build=x86_64-redhat-linux
Thread model: posix
gcc version 4.4.1 20090725 (Red Hat 4.4.1-2) (GCC) 
configure:3237: $? = 0
configure:3226: gcc -V >&5
gcc: '-V' option must have argument
configure:3237: $? = 1
configure:3226: gcc -qversion >&5
gcc: unrecognized option '-qversion'
gcc: no input files
configure:3237: $? = 1
configure:3257: checking whether the C compiler works
configure:3279: gcc    conftest.c  >&5
configure:3283: $? = 0
configure:3331: result: yes
configure:3334: checking for C compiler default output file name
configure:3336: result: a.out
configure:3342: checking for suffix of executables
configure:3349: gcc -o conftest    conftest.c  >&5
configure:3353: $? = 0
configure:3375: result: 
configure:3397: checking whether we are cross compiling
configure:3405: gcc -o conftest    conftest.c  >&5
configure:3409: $? = 0
configure:3416: ./conftest
configure:3420: $? = 0
configure:3435: result: no
configure:3440: checking for suffix of object files
configure:3462: gcc -c   conftest.c >&5
configure:3466: $? = 0
configure:3487: result: o
configure:3491: checking whether we are using the GNU C compiler
configure:3510: gcc -c   conftest.c >&5
configure:3510: $? = 0
configure:3519: result: yes
configure:3528: checking whether gcc accepts -g
configure:3548: gcc -c -g  conftest.c >&5
configure:3548: $? = 0
configure:3589: result: yes
configure:3606: checking for gcc option to accept ISO C89
configure:3669: gcc  -c -g -O2  conftest.c >&5
configure:3669: $? = 0
configure:3682: result: none needed
configure:3704: checking dependency style of gcc
configure:3815: result: gcc3
configure:3830: checking for a sed that does not truncate output
configure:3894: result: /bin/sed
configure:3912: checking for grep that handles long lines and -e
configure:3970: result: /bin/grep
configure:3975: checking for egrep
configure:4037: result: /bin/grep -E
configure:4042: checking for fgrep
configure:4104: result: /bin/grep -F
configure:4139: checking for ld used by gcc
configure:4206: result: /usr/bin/ld
configure:4213: checking if the linker (/usr/bin/ld) is GNU ld
configure:4228: result: yes
configure:4240: checking for BSD- or MS-compatible name lister (nm)
configure:4289: result: /usr/bin/nm -B
configure:4419: checking the name lister (/usr/bin/nm -B) interface
configure:4426: gcc -c -g -O2  conftest.c >&5
configure:4429: /usr/bin/nm -B "conftest.o"
configure:4432: output
0000000000000000 B some_variable
configure:4439: result: BSD nm
configure:4442: checking whether ln -s works
configure:4446: result: yes
configure:4454: checking the maximum length of command line arguments
configure:4585: result: 1966080
configure:4602: checking whether the shell understands some XSI constructs
configure:4612: result: yes
configure:4616: checking whether the shell understands "+="
configure:4622: result: yes
configure:4657: checking how to convert x86_64-unknown-linux-gnu file names to x86_64-unknown-linux-gnu format
configure:4697: result: func_convert_file_noop
configure:4704: checking how to convert x86_64-unknown-linux-gnu file names to toolchain format
configure:4724: result: func_convert_file_noop
configure:4731: checking for /usr/bin/ld option to reload object files
configure:4738: result: -r
configure:4812: checking for objdump
configure:4828: found /usr/bin/objdump
configure:4839: result: objdump
configure:4871: checking how to recognize dependent libraries
configure:5069: result: pass_all
configure:5154: checking for dlltool
configure:5184: result: no
configure:5214: checking how to associate runtime and link libraries
configure:5241: result: printf %s\n
configure:5302: checking for ar
configure:5318: found /usr/bin/ar
configure:5329: result: ar
configure:5366: checking for archiver @FILE support
configure:5383: gcc -c -g -O2  conftest.c >&5
configure:5383: $? = 0
configure:5386: ar cru libconftest.a @conftest.lst >&5
configure:5389: $? = 0
configure:5394: ar cru libconftest.a @conftest.lst >&5
ar: conftest.o: No such file or directory
configure:5397: $? = 1
configure:5409: result: @
configure:5467: checking for strip
configure:5483: found /usr/bin/strip
configure:5494: result: strip
configure:5566: checking for ranlib
configure:5582: found /usr/bin/ranlib
configure:5593: result: ranlib
configure:5695: checking command to parse /usr/bin/nm -B output from gcc object
configure:5815: gcc -c -g -O2  conftest.c >&5
configure:5818: $? = 0
configure:5822: /usr/bin/nm -B conftest.o \| sed -n -e 's/^.*[ ]\([ABCDGIRSTW][ABCDGIRSTW]*\)[ ][ ]*\([_A-Za-z][_A-Za-z0-9]*\)$/\1 \2 \2/p' | sed '/ __gnu_lto/d' \> conftest.nm
configure:5825: $? = 0
configure:5891: gcc -o conftest -g -O2   conftest.c conftstm.o >&5
configure:5894: $? = 0
configure:5932: result: ok
configure:5969: checking for sysroot
configure:5999: result: no
configure:6076: gcc -c -g -O2  conftest.c >&5
configure:6079: $? = 0
configure:6262: checking for mt
configure:6292: result: no
configure:6312: checking if : is a manifest tool
configure:6318: : '-?'
configure:6326: result: no
configure:6968: checking how to run the C preprocessor
configure:6999: gcc -E  conftest.c
configure:6999: $? = 0
configure:7013: gcc -E  conftest.c
conftest.c:11:28: error: ac_nonexistent.h: No such file or directory
configure:7013: $? = 1
configure: failed program was:
| /* confdefs.h */
| #define PACKAGE_NAME "lmfit"
| #define PACKAGE_TARNAME "lmfit"
| #define PACKAGE_VERSION "5:0"
| #define PACKAGE_STRING "lmfit 5:0"
| #define PACKAGE_BUGREPORT "http://apps.jcns.fz-juelich.de/lmfit"
| #define PACKAGE_URL ""
| #define PACKAGE "lmfit"
| #define VERSION "5:0"
| /* end confdefs.h.  */
| #include <ac_nonexistent.h>
configure:7038: result: gcc -E
configure:7058: gcc -E  conftest.c
configure:7058: $? = 0
configure:7072: gcc -E  conftest.c
conftest.c:11:28: error: ac_nonexistent.h: No such file or directory
configure:7072: $? = 1
configure: failed program was:
| /* confdefs.h */
| #define PACKAGE_NAME "lmfit"
| #define PACKAGE_TARNAME "lmfit"
| #define PACKAGE_VERSION "5:0"
| #define PACKAGE_STRING "lmfit 5:0"
| #define PACKAGE_BUGREPORT "http://apps.jcns.fz-juelich.de/lmfit"
| #define PACKAGE_URL ""
| #define PACKAGE "lmfit"
| #define VERSION "5:0"
| /* end confdefs.h.  */
| #include <ac_nonexistent.h>
configure:7101: checking for ANSI C header files
configure:7121: gcc -c -g -O2  conftest.c >&5
configure:7121: $? = 0
configure:7194: gcc -o conftest -g -O2   conftest.c  >&5
configure:7194: $? = 0
configure:7194: ./conftest
configure:7194: $? = 0
configure:7205: result: yes
configure:7218: checking for sys/types.h
configure:7218: gcc -c -g -O2  conftest.c >&5
configure:7218: $? = 0
configure:7218: result: yes
configure:7218: checking for sys/stat.h
configure:7218: gcc -c -g -O2  conftest.c >&5
configure:7218: $? = 0
configure:7218: result: yes
configure:7218: checking for stdlib.h
configure:7218: gcc -c -g -O2  conftest.c >&5
configure:7218: $? = 0
configure:7218: result: yes
configure:7218: checking for string.h
configure:7218: gcc -c -g -O2  conftest.c >&5
configure:7218: $? = 0
configure:7218: result: yes
configure:7218: checking for memory.h
configure:7218: gcc -c -g -O2  conftest.c >&5
configure:7218: $? = 0
configure:7218: result: yes
configure:7218: checking for strings.h
configure:7218: gcc -c -g -O2  conftest.c >&5
configure:7218: $? = 0
configure:7218: result: yes
configure:7218: checking for inttypes.h
configure:7218: gcc -c -g -O2  conftest.c >&5
configure:7218: $? = 0
configure:7218: result: yes
configure:7218: checking for stdint.h
configure:7218: gcc -c -g -O2  conftest.c >&5
configure:7218: $? = 0
configure:7218: result: yes
configure:7218: checking for unistd.h
configure:7218: gcc -c -g -O2  conftest.c >&5
configure:7218: $? = 0
configure:7218: result: yes
configure:7232: checking for dlfcn.h
configure:7232: gcc -c -g -O2  conftest.c >&5
configure:7232: $? = 0
configure:7232: result: yes
configure:7437: checking for objdir
configure:7452: result: .libs
configure:7723: checking if gcc supports -fno-rtti -fno-exceptions
configure:7741: gcc -c -g -O2  -fno-rtti -fno-exceptions conftest.c >&5
cc1: warning: command line option "-fno-rtti" is valid for C++/ObjC++ but not for C
cc1: warning: command line option "-fno-rtti" is valid for C++/ObjC++ but not for C
configure:7745: $? = 0
configure:7758: result: no
configure:8085: checking for gcc option to produce PIC
configure:8092: result: -fPIC -DPIC
configure:8100: checking if gcc PIC flag -fPIC -DPIC works
configure:8118: gcc -c -g -O2  -fPIC -DPIC -DPIC conftest.c >&5
configure:8122: $? = 0
configure:8135: result: yes
configure:8164: checking if gcc static flag -static works
configure:8192: result: no
configure:8207: checking if gcc supports -c -o file.o
configure:8228: gcc -c -g -O2  -o out/conftest2.o conftest.c >&5
configure:8232: $? = 0
configure:8254: result: yes
configure:8262: checking if gcc supports -c -o file.o
configure:8309: result: yes
configure:8342: checking whether the gcc linker (/usr/bin/ld -m elf_x86_64) supports shared libraries
configure:9499: result: yes
configure:9536: checking whether -lc should be explicitly linked in
configure:9544: gcc -c -g -O2  conftest.c >&5
configure:9547: $? = 0
configure:9562: gcc -shared  -fPIC -DPIC conftest.o  -v -Wl,-soname -Wl,conftest -o conftest 2\>\&1 \| /bin/grep  -lc  \>/dev/null 2\>\&1
configure:9565: $? = 0
configure:9579: result: no
configure:9739: checking dynamic linker characteristics
configure:10239: gcc -o conftest -g -O2   -Wl,-rpath -Wl,/foo conftest.c  >&5
configure:10239: $? = 0
configure:10473: result: GNU/Linux ld.so
configure:10580: checking how to hardcode library paths into programs
configure:10605: result: immediate
configure:11145: checking whether stripping libraries is possible
configure:11150: result: yes
configure:11185: checking if libtool supports shared libraries
configure:11187: result: yes
configure:11190: checking whether to build shared libraries
configure:11211: result: yes
configure:11214: checking whether to build static libraries
configure:11218: result: no
configure:11256: checking for gcc option to accept ISO C99
configure:11405: gcc  -c -g -O2  conftest.c >&5
conftest.c:73: error: expected ';', ',' or ')' before 'text'
conftest.c: In function 'main':
conftest.c:127: error: expected '=', ',', ';', 'asm' or '__attribute__' before 'newvar'
conftest.c:127: error: 'newvar' undeclared (first use in this function)
conftest.c:127: error: (Each undeclared identifier is reported only once
conftest.c:127: error: for each function it appears in.)
conftest.c:137: error: 'for' loop initial declarations are only allowed in C99 mode
conftest.c:137: note: use option -std=c99 or -std=gnu99 to compile your code
configure:11405: $? = 1
configure: failed program was:
| /* confdefs.h */
| #define PACKAGE_NAME "lmfit"
| #define PACKAGE_TARNAME "lmfit"
| #define PACKAGE_VERSION "5:0"
| #define PACKAGE_STRING "lmfit 5:0"
| #define PACKAGE_BUGREPORT "http://apps.jcns.fz-juelich.de/lmfit"
| #define PACKAGE_URL ""
| #define PACKAGE "lmfit"
| #define VERSION "5:0"
| #define STDC_HEADERS 1
| #define HAVE_SYS_TYPES_H 1
| #define HAVE_SYS_STAT_H 1
| #define HAVE_STDLIB_H 1
| #define HAVE_STRING_H 1
| #define HAVE_MEMORY_H 1
| #define HAVE_STRINGS_H 1
| #define HAVE_INTTYPES_H 1
| #define HAVE_STDINT_H 1
| #define HAVE_UNISTD_H 1
| #define HAVE_DLFCN_H 1
| #define LT_OBJDIR ".libs/"
| /* end confdefs.h.  */
| #include <stdarg.h>
| #include <stdbool.h>
| #include <stdlib.h>
| #include <wchar.h>
| #include <stdio.h>
| 
| // Check varargs macros.  These examples are taken from C99 6.10.3.5.
| #define debug(...) fprintf (stderr, __VA_ARGS__)
| #define showlist(...) puts (#__VA_ARGS__)
| #define report(test,...) ((test) ? puts (#test) : printf (__VA_ARGS__))
| static void
| test_varargs_macros (void)
| {
|   int x = 1234;
|   int y = 5678;
|   debug ("Flag");
|   debug ("X = %d\n", x);
|   showlist (The first, second, and third items.);
|   report (x>y, "x is %d but y is %d", x, y);
| }
| 
| // Check long long types.
| #define BIG64 18446744073709551615ull
| #define BIG32 4294967295ul
| #define BIG_OK (BIG64 / BIG32 == 4294967297ull && BIG64 % BIG32 == 0)
| #if !BIG_OK
|   your preprocessor is broken;
| #endif
| #if BIG_OK
| #else
|   your preprocessor is broken;
| #endif
| static long long int bignum = -9223372036854775807LL;
| static unsigned long long int ubignum = BIG64;
| 
| struct incomplete_array
| {
|   int datasize;
|   double data[];
| };
| 
| struct named_init {
|   int number;
|   const wchar_t *name;
|   double average;
| };
| 
| typedef const char *ccp;
| 
| static inline int
| test_restrict (ccp restrict text)
| {
|   // See if C++-style comments work.
|   // Iterate through items via the restricted pointer.
|   // Also check for declarations in for loops.
|   for (unsigned int i = 0; *(text+i) != '\0'; ++i)
|     continue;
|   return 0;
| }
| 
| // Check varargs and va_copy.
| static void
| test_varargs (const char *format, ...)
| {
|   va_list args;
|   va_start (args, format);
|   va_list args_copy;
|   va_copy (args_copy, args);
| 
|   const char *str;
|   int number;
|   float fnumber;
| 
|   while (*format)
|     {
|       switch (*format++)
| 	{
| 	case 's': // string
| 	  str = va_arg (args_copy, const char *);
| 	  break;
| 	case 'd': // int
| 	  number = va_arg (args_copy, int);
| 	  break;
| 	case 'f': // float
| 	  fnumber = va_arg (args_copy, double);
| 	  break;
| 	default:
| 	  break;
| 	}
|     }
|   va_end (args_copy);
|   va_end (args);
| }
| 
| int
| main ()
| {
| 
|   // Check bool.
|   _Bool success = false;
| 
|   // Check restrict.
|   if (test_restrict ("String literal") == 0)
|     success = true;
|   char *restrict newvar = "Another string";
| 
|   // Check varargs.
|   test_varargs ("s, d' f .", "string", 65, 34.234);
|   test_varargs_macros ();
| 
|   // Check flexible array members.
|   struct incomplete_array *ia =
|     malloc (sizeof (struct incomplete_array) + (sizeof (double) * 10));
|   ia->datasize = 10;
|   for (int i = 0; i < ia->datasize; ++i)
|     ia->data[i] = i * 1.234;
| 
|   // Check named initializers.
|   struct named_init ni = {
|     .number = 34,
|     .name = L"Test wide string",
|     .average = 543.34343,
|   };
| 
|   ni.number = 58;
| 
|   int dynamic_array[ni.number];
|   dynamic_array[ni.number - 1] = 543;
| 
|   // work around unused variable warnings
|   return (!success || bignum == 0LL || ubignum == 0uLL || newvar[0] == 'x'
| 	  || dynamic_array[ni.number - 1] != 543);
| 
|   ;
|   return 0;
| }
configure:11405: gcc -std=gnu99 -c -g -O2  conftest.c >&5
configure:11405: $? = 0
configure:11425: result: -std=gnu99
configure:11437: checking for ANSI C header files
configure:11541: result: yes
configure:11665: checking that generated files are newer than configure
configure:11671: result: done
configure:11694: creating ./config.status

## ---------------------- ##
## Running config.status. ##
## ---------------------- ##

This file was extended by lmfit config.status 5:0, which was
generated by GNU Autoconf 2.69.  Invocation command line was

  CONFIG_FILES    = 
  CONFIG_HEADERS  = 
  CONFIG_LINKS    = 
  CONFIG_COMMANDS = 
  $ ./config.status 

on localhost.localdomain

config.status:1086: creating Makefile
config.status:1086: creating lib/Makefile
config.status:1086: creating man/Makefile
config.status:1086: creating demo/Makefile
config.status:1086: creating lmfit.pc
config.status:1086: creating config.h
config.status:1315: executing depfiles commands
config.status:1315: executing libtool commands

## ---------------- ##
## Cache variables. ##
## ---------------- ##

ac_cv_build=x86_64-unknown-linux-gnu
ac_cv_c_compiler_gnu=yes
ac_cv_env_CC_set=
ac_cv_env_CC_value=
ac_cv_env_CFLAGS_set=
ac_cv_env_CFLAGS_value=
ac_cv_env_CPPFLAGS_set=
ac_cv_env_CPPFLAGS_value=
ac_cv_env_CPP_set=
ac_cv_env_CPP_value=
ac_cv_env_LDFLAGS_set=
ac_cv_env_LDFLAGS_value=
ac_cv_env_LIBS_set=
ac_cv_env_LIBS_value=
ac_cv_env_build_alias_set=
ac_cv_env_build_alias_value=
ac_cv_env_host_alias_set=
ac_cv_env_host_alias_value=
ac_cv_env_target_alias_set=
ac_cv_env_target_alias_value=
ac_cv_header_dlfcn_h=yes
ac_cv_header_inttypes_h=yes
ac_cv_header_memory_h=yes
ac_cv_header_stdc=yes
ac_cv_header_stdint_h=yes
ac_cv_header_stdlib_h=yes
ac_cv_header_string_h=yes
ac_cv_header_strings_h=yes
ac_cv_header_sys_stat_h=yes
ac_cv_header_sys_types_h=yes
ac_cv_header_unistd_h=yes
ac_cv_host=x86_64-unknown-linux-gnu
ac_cv_objext=o
ac_cv_path_EGREP='/bin/grep -E'
ac_cv_path_FGREP='/bin/grep -F'
ac_cv_path_GREP=/bin/grep
ac_cv_path_SED=/bin/sed
ac_cv_path_install='/usr/bin/install -c'
ac_cv_path_mkdir=/bin/mkdir
ac_cv_prog_AWK=gawk
ac_cv_prog_CPP='gcc -E'
ac_cv_prog_ac_ct_AR=ar
ac_cv_prog_ac_ct_CC=gcc
ac_cv_prog_ac_ct_OBJDUMP=objdump
ac_cv_prog_ac_ct_RANLIB=ranlib
ac_cv_prog_ac_ct_STRIP=strip
ac_cv_prog_cc_c89=
ac_cv_prog_cc_c99=-std=gnu99
ac_cv_prog_cc_g=yes
ac_cv_prog_make_make_set=yes
am_cv_CC_dependencies_compiler_type=gcc3
am_cv_make_support_nested_variables=yes
lt_cv_ar_at_file=@
lt_cv_archive_cmds_need_lc=no
lt_cv_deplibs_check_method=pass_all
lt_cv_file_magic_cmd='$MAGIC_CMD'
lt_cv_file_magic_test_file=
lt_cv_ld_reload_flag=-r
lt_cv_nm_interface='BSD nm'
lt_cv_objdir=.libs
lt_cv_path_LD=/usr/bin/ld
lt_cv_path_NM='/usr/bin/nm -B'
lt_cv_path_mainfest_tool=no
lt_cv_prog_compiler_c_o=yes
lt_cv_prog_compiler_pic='-fPIC -DPIC'
lt_cv_prog_compiler_pic_works=yes
lt_cv_prog_compiler_rtti_exceptions=no
lt_cv_prog_compiler_static_works=no
lt_cv_prog_gnu_ld=yes
lt_cv_sharedlib_from_linklib_cmd='printf %s\n'
lt_cv_shlibpath_overrides_runpath=no
lt_cv_sys_global_symbol_pipe='sed -n -e '\''s/^.*[	 ]\([ABCDGIRSTW][ABCDGIRSTW]*\)[	 ][	 ]*\([_A-Za-z][_A-Za-z0-9]*\)$/\1 \2 \2/p'\'' | sed '\''/ __gnu_lto/d'\'''
lt_cv_sys_global_symbol_to_c_name_address='sed -n -e '\''s/^: \([^ ]*\)[ ]*$/  {\"\1\", (void *) 0},/p'\'' -e '\''s/^[ABCDGIRSTW]* \([^ ]*\) \([^ ]*\)$/  {"\2", (void *) \&\2},/p'\'''
lt_cv_sys_global_symbol_to_c_name_address_lib_prefix='sed -n -e '\''s/^: \([^ ]*\)[ ]*$/  {\"\1\", (void *) 0},/p'\'' -e '\''s/^[ABCDGIRSTW]* \([^ ]*\) \(lib[^ ]*\)$/  {"\2", (void *) \&\2},/p'\'' -e '\''s/^[ABCDGIRSTW]* \([^ ]*\) \([^ ]*\)$/  {"lib\2", (void *) \&\2},/p'\'''
lt_cv_sys_global_symbol_to_cdecl='sed -n -e '\''s/^T .* \(.*\)$/extern int \1();/p'\'' -e '\''s/^[ABCDGIRSTW]* .* \(.*\)$/extern char \1;/p'\'''
lt_cv_sys_max_cmd_len=1966080
lt_cv_to_host_file_cmd=func_convert_file_noop
lt_cv_to_tool_file_cmd=func_convert_file_noop

## ----------------- ##
## Output variables. ##
## ----------------- ##

ACLOCAL='${SHELL} /media/Shared/Dropbox/Hugo_Sujit/VanishPoint/lmfit-5.0/build-aux/missing aclocal-1.13'
AMDEPBACKSLASH='\'
AMDEP_FALSE='#'
AMDEP_TRUE=''
AMTAR='$${TAR-tar}'
AM_BACKSLASH='\'
AM_CFLAGS='-g -pedantic -Wall -Werror'
AM_DEFAULT_V='$(AM_DEFAULT_VERBOSITY)'
AM_DEFAULT_VERBOSITY='1'
AM_V='$(V)'
AR='ar'
AUTOCONF='${SHELL} /media/Shared/Dropbox/Hugo_Sujit/VanishPoint/lmfit-5.0/build-aux/missing autoconf'
AUTOHEADER='${SHELL} /media/Shared/Dropbox/Hugo_Sujit/VanishPoint/lmfit-5.0/build-aux/missing autoheader'
AUTOMAKE='${SHELL} /media/Shared/Dropbox/Hugo_Sujit/VanishPoint/lmfit-5.0/build-aux/missing automake-1.13'
AWK='gawk'
CC='gcc -std=gnu99'
CCDEPMODE='depmode=gcc3'
CFLAGS='-g -O2'
CPP='gcc -E'
CPPFLAGS=''
CYGPATH_W='echo'
DEFS='-DHAVE_CONFIG_H'
DEPDIR='.deps'
DLLTOOL='false'
DSYMUTIL=''
DUMPBIN=''
ECHO_C=''
ECHO_N='-n'
ECHO_T=''
EGREP='/bin/grep -E'
EXEEXT=''
FGREP='/bin/grep -F'
GREP='/bin/grep'
INSTALL_DATA='${INSTALL} -m 644'
INSTALL_PROGRAM='${INSTALL}'
INSTALL_SCRIPT='${INSTALL}'
INSTALL_STRIP_PROGRAM='$(install_sh) -c -s'
LD='/usr/bin/ld -m elf_x86_64'
LDFLAGS=''
LIBOBJS=''
LIBS=''
LIBTOOL='$(SHELL) $(top_builddir)/libtool'
LIPO=''
LN_S='ln -s'
LTLIBOBJS=''
MAKEINFO='${SHELL} /media/Shared/Dropbox/Hugo_Sujit/VanishPoint/lmfit-5.0/build-aux/missing makeinfo'
MANIFEST_TOOL=':'
MKDIR_P='/bin/mkdir -p'
NM='/usr/bin/nm -B'
NMEDIT=''
OBJDUMP='objdump'
OBJEXT='o'
OTOOL64=''
OTOOL=''
PACKAGE='lmfit'
PACKAGE_BUGREPORT='http://apps.jcns.fz-juelich.de/lmfit'
PACKAGE_NAME='lmfit'
PACKAGE_STRING='lmfit 5:0'
PACKAGE_TARNAME='lmfit'
PACKAGE_URL=''
PACKAGE_VERSION='5:0'
PATH_SEPARATOR=':'
RANLIB='ranlib'
SED='/bin/sed'
SET_MAKE=''
SHELL='/bin/sh'
STRIP='strip'
VERSION='5:0'
ac_ct_AR='ar'
ac_ct_CC='gcc'
ac_ct_DUMPBIN=''
am__EXEEXT_FALSE=''
am__EXEEXT_TRUE='#'
am__fastdepCC_FALSE='#'
am__fastdepCC_TRUE=''
am__include='include'
am__isrc=''
am__leading_dot='.'
am__nodep='_no'
am__quote=''
am__tar='$${TAR-tar} chof - "$$tardir"'
am__untar='$${TAR-tar} xf -'
bindir='${exec_prefix}/bin'
build='x86_64-unknown-linux-gnu'
build_alias=''
build_cpu='x86_64'
build_os='linux-gnu'
build_vendor='unknown'
datadir='${datarootdir}'
datarootdir='${prefix}/share'
docdir='${datarootdir}/doc/${PACKAGE_TARNAME}'
dvidir='${docdir}'
exec_prefix='${prefix}'
host='x86_64-unknown-linux-gnu'
host_alias=''
host_cpu='x86_64'
host_os='linux-gnu'
host_vendor='unknown'
htmldir='${docdir}'
includedir='${prefix}/include'
infodir='${datarootdir}/info'
install_sh='${SHELL} /media/Shared/Dropbox/Hugo_Sujit/VanishPoint/lmfit-5.0/build-aux/install-sh'
libdir='${exec_prefix}/lib'
libexecdir='${exec_prefix}/libexec'
localedir='${datarootdir}/locale'
localstatedir='${prefix}/var'
mandir='${datarootdir}/man'
mkdir_p='$(MKDIR_P)'
oldincludedir='/usr/include'
pdfdir='${docdir}'
prefix='/usr/local'
program_transform_name='s,x,x,'
psdir='${docdir}'
sbindir='${exec_prefix}/sbin'
sharedstatedir='${prefix}/com'
sysconfdir='${prefix}/etc'
target_alias=''

## ----------- ##
## confdefs.h. ##
## ----------- ##

/* confdefs.h */
#define PACKAGE_NAME "lmfit"
#define PACKAGE_TARNAME "lmfit"
#define PACKAGE_VERSION "5:0"
#define PACKAGE_STRING "lmfit 5:0"
#define PACKAGE_BUGREPORT "http://apps.jcns.fz-juelich.de/lmfit"
#define PACKAGE_URL ""
#define PACKAGE "lmfit"
#define VERSION "5:0"
#define STDC_HEADERS 1
#define HAVE_SYS_TYPES_H 1
#define HAVE_SYS_STAT_H 1
#define HAVE_STDLIB_H 1
#define HAVE_STRING_H 1
#define HAVE_MEMORY_H 1
#define HAVE_STRINGS_H 1
#define HAVE_INTTYPES_H 1
#define HAVE_STDINT_H 1
#define HAVE_UNISTD_H 1
#define HAVE_DLFCN_H 1
#define LT_OBJDIR ".libs/"
#define STDC_HEADERS 1

configure: exit 0
