This file contains any messages produced by compilers while
running configure, to aid debugging if configure makes a mistake.

It was created by lmfit configure <version>, which was
generated by GNU Autoconf 2.64.  Invocation command line was

  $ ./configure 

## --------- ##
## Platform. ##
## --------- ##

hostname = localhost.localdomain
uname -m = x86_64
uname -r = 2.6.30.8-64.fc11.x86_64
uname -s = Linux
uname -v = #1 SMP Fri Sep 25 04:43:32 EDT 2009

/usr/bin/uname -p = unknown
/bin/uname -X     = unknown

/bin/arch              = x86_64
/usr/bin/arch -k       = unknown
/usr/convex/getsysinfo = unknown
/usr/bin/hostinfo      = unknown
/bin/machine           = unknown
/usr/bin/oslevel       = unknown
/bin/universe          = unknown

PATH: /home/HSO/Download/Scala/sbt/bin
PATH: /usr/kerberos/sbin
PATH: /usr/lib64/qt-3.3/bin
PATH: /usr/kerberos/bin
PATH: /usr/lib64/ccache
PATH: /usr/local/bin
PATH: /usr/bin
PATH: /bin
PATH: /usr/local/sbin
PATH: /usr/sbin
PATH: /sbin
PATH: /usr/lib64/alliance/bin
PATH: /usr/libexec/sdcc
PATH: /home/HSO/bin
PATH: /usr/lib64/alliance/bin
PATH: /usr/libexec/sdcc
PATH: /usr/lib64/alliance/bin
PATH: /usr/libexec/sdcc


## ----------- ##
## Core tests. ##
## ----------- ##

configure:2249: checking for a BSD-compatible install
configure:2317: result: /usr/bin/install -c
configure:2328: checking whether build environment is sane
configure:2378: result: yes
configure:2519: checking for a thread-safe mkdir -p
configure:2558: result: /bin/mkdir -p
configure:2571: checking for gawk
configure:2587: found /usr/bin/gawk
configure:2598: result: gawk
configure:2609: checking whether make sets $(MAKE)
configure:2631: result: yes
configure:2742: checking build system type
configure:2756: result: x86_64-unknown-linux-gnu
configure:2776: checking host system type
configure:2789: result: x86_64-unknown-linux-gnu
configure:2821: checking for style of include used by make
configure:2849: result: GNU
configure:2919: checking for gcc
configure:2935: found /usr/lib64/ccache/gcc
configure:2946: result: gcc
configure:3175: checking for C compiler version
configure:3184: gcc --version >&5
gcc (GCC) 4.4.1 20090725 (Red Hat 4.4.1-2)
Copyright (C) 2009 Free Software Foundation, Inc.
This is free software; see the source for copying conditions.  There is NO
warranty; not even for MERCHANTABILITY or FITNESS FOR A PARTICULAR PURPOSE.

configure:3195: $? = 0
configure:3184: gcc -v >&5
Using built-in specs.
Target: x86_64-redhat-linux
Configured with: ../configure --prefix=/usr --mandir=/usr/share/man --infodir=/usr/share/info --with-bugurl=http://bugzilla.redhat.com/bugzilla --enable-bootstrap --enable-shared --enable-threads=posix --enable-checking=release --with-system-zlib --enable-__cxa_atexit --disable-libunwind-exceptions --enable-languages=c,c++,objc,obj-c++,java,fortran,ada --enable-java-awt=gtk --disable-dssi --enable-plugin --with-java-home=/usr/lib/jvm/java-1.5.0-gcj-1.5.0.0/jre --enable-libgcj-multifile --enable-java-maintainer-mode --with-ecj-jar=/usr/share/java/eclipse-ecj.jar --disable-libjava-multilib --with-ppl --with-cloog --with-tune=generic --with-arch_32=i586 --build=x86_64-redhat-linux
Thread model: posix
gcc version 4.4.1 20090725 (Red Hat 4.4.1-2) (GCC) 
configure:3195: $? = 0
configure:3184: gcc -V >&5
gcc: '-V' option must have argument
configure:3195: $? = 1
configure:3184: gcc -qversion >&5
gcc: unrecognized option '-qversion'
gcc: no input files
configure:3195: $? = 1
configure:3217: checking for C compiler default output file name
configure:3239: gcc    conftest.c  >&5
configure:3243: $? = 0
configure:3280: result: a.out
configure:3296: checking whether the C compiler works
configure:3305: ./a.out
configure:3309: $? = 0
configure:3324: result: yes
configure:3331: checking whether we are cross compiling
configure:3333: result: no
configure:3336: checking for suffix of executables
configure:3343: gcc -o conftest    conftest.c  >&5
configure:3347: $? = 0
configure:3369: result: 
configure:3375: checking for suffix of object files
configure:3397: gcc -c   conftest.c >&5
configure:3401: $? = 0
configure:3422: result: o
configure:3426: checking whether we are using the GNU C compiler
configure:3445: gcc -c   conftest.c >&5
configure:3445: $? = 0
configure:3454: result: yes
configure:3463: checking whether gcc accepts -g
configure:3483: gcc -c -g  conftest.c >&5
configure:3483: $? = 0
configure:3524: result: yes
configure:3541: checking for gcc option to accept ISO C89
configure:3605: gcc  -c -g -O2  conftest.c >&5
configure:3605: $? = 0
configure:3618: result: none needed
configure:3640: checking dependency style of gcc
configure:3750: result: gcc3
configure:3765: checking for a sed that does not truncate output
configure:3829: result: /bin/sed
configure:3847: checking for grep that handles long lines and -e
configure:3905: result: /bin/grep
configure:3910: checking for egrep
configure:3972: result: /bin/grep -E
configure:3977: checking for fgrep
configure:4039: result: /bin/grep -F
configure:4074: checking for ld used by gcc
configure:4141: result: /usr/bin/ld
configure:4148: checking if the linker (/usr/bin/ld) is GNU ld
configure:4163: result: yes
configure:4175: checking for BSD- or MS-compatible name lister (nm)
configure:4224: result: /usr/bin/nm -B
configure:4342: checking the name lister (/usr/bin/nm -B) interface
configure:4349: gcc -c -g -O2  conftest.c >&5
configure:4352: /usr/bin/nm -B "conftest.o"
configure:4355: output
0000000000000000 B some_variable
configure:4362: result: BSD nm
configure:4365: checking whether ln -s works
configure:4369: result: yes
configure:4377: checking the maximum length of command line arguments
configure:4497: result: 1966080
configure:4514: checking whether the shell understands some XSI constructs
configure:4524: result: yes
configure:4528: checking whether the shell understands "+="
configure:4534: result: yes
configure:4569: checking for /usr/bin/ld option to reload object files
configure:4576: result: -r
configure:4645: checking for objdump
configure:4661: found /usr/bin/objdump
configure:4672: result: objdump
configure:4704: checking how to recognize dependent libraries
configure:4900: result: pass_all
configure:4960: checking for ar
configure:4976: found /usr/bin/ar
configure:4987: result: ar
configure:5065: checking for strip
configure:5081: found /usr/bin/strip
configure:5092: result: strip
configure:5164: checking for ranlib
configure:5180: found /usr/bin/ranlib
configure:5191: result: ranlib
configure:5281: checking command to parse /usr/bin/nm -B output from gcc object
configure:5399: gcc -c -g -O2  conftest.c >&5
configure:5402: $? = 0
configure:5406: /usr/bin/nm -B conftest.o \| sed -n -e 's/^.*[	 ]\([ABCDGIRSTW][ABCDGIRSTW]*\)[	 ][	 ]*\([_A-Za-z][_A-Za-z0-9]*\)$/\1 \2 \2/p' \> conftest.nm
configure:5409: $? = 0
configure:5463: gcc -o conftest -g -O2   conftest.c conftstm.o >&5
configure:5466: $? = 0
configure:5504: result: ok
configure:5600: gcc -c -g -O2  conftest.c >&5
configure:5603: $? = 0
configure:6313: checking how to run the C preprocessor
configure:6344: gcc -E  conftest.c
configure:6344: $? = 0
configure:6358: gcc -E  conftest.c
conftest.c:11:28: error: ac_nonexistent.h: No such file or directory
configure:6358: $? = 1
configure: failed program was:
| /* confdefs.h */
| #define PACKAGE_NAME "lmfit"
| #define PACKAGE_TARNAME "lmfit"
| #define PACKAGE_VERSION "<version>"
| #define PACKAGE_STRING "lmfit <version>"
| #define PACKAGE_BUGREPORT "http://www.messen-und-deuten.de/lmfit"
| #define PACKAGE_URL ""
| #define PACKAGE "lmfit"
| #define VERSION "<version>"
| /* end confdefs.h.  */
| #include <ac_nonexistent.h>
configure:6383: result: gcc -E
configure:6403: gcc -E  conftest.c
configure:6403: $? = 0
configure:6417: gcc -E  conftest.c
conftest.c:11:28: error: ac_nonexistent.h: No such file or directory
configure:6417: $? = 1
configure: failed program was:
| /* confdefs.h */
| #define PACKAGE_NAME "lmfit"
| #define PACKAGE_TARNAME "lmfit"
| #define PACKAGE_VERSION "<version>"
| #define PACKAGE_STRING "lmfit <version>"
| #define PACKAGE_BUGREPORT "http://www.messen-und-deuten.de/lmfit"
| #define PACKAGE_URL ""
| #define PACKAGE "lmfit"
| #define VERSION "<version>"
| /* end confdefs.h.  */
| #include <ac_nonexistent.h>
configure:6446: checking for ANSI C header files
configure:6466: gcc -c -g -O2  conftest.c >&5
configure:6466: $? = 0
configure:6539: gcc -o conftest -g -O2   conftest.c  >&5
configure:6539: $? = 0
configure:6539: ./conftest
configure:6539: $? = 0
configure:6550: result: yes
configure:6563: checking for sys/types.h
configure:6563: gcc -c -g -O2  conftest.c >&5
configure:6563: $? = 0
configure:6563: result: yes
configure:6563: checking for sys/stat.h
configure:6563: gcc -c -g -O2  conftest.c >&5
configure:6563: $? = 0
configure:6563: result: yes
configure:6563: checking for stdlib.h
configure:6563: gcc -c -g -O2  conftest.c >&5
configure:6563: $? = 0
configure:6563: result: yes
configure:6563: checking for string.h
configure:6563: gcc -c -g -O2  conftest.c >&5
configure:6563: $? = 0
configure:6563: result: yes
configure:6563: checking for memory.h
configure:6563: gcc -c -g -O2  conftest.c >&5
configure:6563: $? = 0
configure:6563: result: yes
configure:6563: checking for strings.h
configure:6563: gcc -c -g -O2  conftest.c >&5
configure:6563: $? = 0
configure:6563: result: yes
configure:6563: checking for inttypes.h
configure:6563: gcc -c -g -O2  conftest.c >&5
configure:6563: $? = 0
configure:6563: result: yes
configure:6563: checking for stdint.h
configure:6563: gcc -c -g -O2  conftest.c >&5
configure:6563: $? = 0
configure:6563: result: yes
configure:6563: checking for unistd.h
configure:6563: gcc -c -g -O2  conftest.c >&5
configure:6563: $? = 0
configure:6563: result: yes
configure:6578: checking for dlfcn.h
configure:6578: gcc -c -g -O2  conftest.c >&5
configure:6578: $? = 0
configure:6578: result: yes
configure:6762: checking for objdir
configure:6777: result: .libs
configure:7073: checking if gcc supports -fno-rtti -fno-exceptions
configure:7091: gcc -c -g -O2  -fno-rtti -fno-exceptions conftest.c >&5
cc1: warning: command line option "-fno-rtti" is valid for C++/ObjC++ but not for C
cc1: warning: command line option "-fno-rtti" is valid for C++/ObjC++ but not for C
configure:7095: $? = 0
configure:7108: result: no
configure:7128: checking for gcc option to produce PIC
configure:7400: result: -fPIC -DPIC
configure:7412: checking if gcc PIC flag -fPIC -DPIC works
configure:7430: gcc -c -g -O2  -fPIC -DPIC -DPIC conftest.c >&5
configure:7434: $? = 0
configure:7447: result: yes
configure:7471: checking if gcc static flag -static works
configure:7499: result: no
configure:7514: checking if gcc supports -c -o file.o
configure:7535: gcc -c -g -O2  -o out/conftest2.o conftest.c >&5
configure:7539: $? = 0
configure:7561: result: yes
configure:7569: checking if gcc supports -c -o file.o
configure:7616: result: yes
configure:7649: checking whether the gcc linker (/usr/bin/ld -m elf_x86_64) supports shared libraries
configure:8639: result: yes
configure:8676: checking whether -lc should be explicitly linked in
configure:8681: gcc -c -g -O2  conftest.c >&5
configure:8684: $? = 0
configure:8699: gcc -shared conftest.o  -v -Wl,-soname -Wl,conftest -o conftest 2\>\&1 \| /bin/grep  -lc  \>/dev/null 2\>\&1
configure:8702: $? = 0
configure:8714: result: no
configure:8878: checking dynamic linker characteristics
configure:9311: gcc -o conftest -g -O2   -Wl,-rpath -Wl,/foo conftest.c  >&5
configure:9311: $? = 0
configure:9541: result: GNU/Linux ld.so
configure:9643: checking how to hardcode library paths into programs
configure:9668: result: immediate
configure:10188: checking whether stripping libraries is possible
configure:10193: result: yes
configure:10228: checking if libtool supports shared libraries
configure:10230: result: yes
configure:10233: checking whether to build shared libraries
configure:10254: result: yes
configure:10257: checking whether to build static libraries
configure:10261: result: yes
configure:10344: checking for gcc
configure:10371: result: gcc
configure:10600: checking for C compiler version
configure:10609: gcc --version >&5
gcc (GCC) 4.4.1 20090725 (Red Hat 4.4.1-2)
Copyright (C) 2009 Free Software Foundation, Inc.
This is free software; see the source for copying conditions.  There is NO
warranty; not even for MERCHANTABILITY or FITNESS FOR A PARTICULAR PURPOSE.

configure:10620: $? = 0
configure:10609: gcc -v >&5
Using built-in specs.
Target: x86_64-redhat-linux
Configured with: ../configure --prefix=/usr --mandir=/usr/share/man --infodir=/usr/share/info --with-bugurl=http://bugzilla.redhat.com/bugzilla --enable-bootstrap --enable-shared --enable-threads=posix --enable-checking=release --with-system-zlib --enable-__cxa_atexit --disable-libunwind-exceptions --enable-languages=c,c++,objc,obj-c++,java,fortran,ada --enable-java-awt=gtk --disable-dssi --enable-plugin --with-java-home=/usr/lib/jvm/java-1.5.0-gcj-1.5.0.0/jre --enable-libgcj-multifile --enable-java-maintainer-mode --with-ecj-jar=/usr/share/java/eclipse-ecj.jar --disable-libjava-multilib --with-ppl --with-cloog --with-tune=generic --with-arch_32=i586 --build=x86_64-redhat-linux
Thread model: posix
gcc version 4.4.1 20090725 (Red Hat 4.4.1-2) (GCC) 
configure:10620: $? = 0
configure:10609: gcc -V >&5
gcc: '-V' option must have argument
configure:10620: $? = 1
configure:10609: gcc -qversion >&5
gcc: unrecognized option '-qversion'
gcc: no input files
configure:10620: $? = 1
configure:10624: checking whether we are using the GNU C compiler
configure:10652: result: yes
configure:10661: checking whether gcc accepts -g
configure:10722: result: yes
configure:10739: checking for gcc option to accept ISO C89
configure:10816: result: none needed
configure:10838: checking dependency style of gcc
configure:10948: result: gcc3
configure:11088: creating ./config.status

## ---------------------- ##
## Running config.status. ##
## ---------------------- ##

This file was extended by lmfit config.status <version>, which was
generated by GNU Autoconf 2.64.  Invocation command line was

  CONFIG_FILES    = 
  CONFIG_HEADERS  = 
  CONFIG_LINKS    = 
  CONFIG_COMMANDS = 
  $ ./config.status 

on localhost.localdomain

config.status:1060: creating Makefile
config.status:1060: creating lib/Makefile
config.status:1060: creating demo/Makefile
config.status:1060: creating config.h
config.status:1280: executing depfiles commands
config.status:1280: executing libtool commands

## ---------------- ##
## Cache variables. ##
## ---------------- ##

ac_cv_build=x86_64-unknown-linux-gnu
ac_cv_c_compiler_gnu=yes
ac_cv_env_CC_set=
ac_cv_env_CC_value=
ac_cv_env_CFLAGS_set=
ac_cv_env_CFLAGS_value=
ac_cv_env_CPPFLAGS_set=
ac_cv_env_CPPFLAGS_value=
ac_cv_env_CPP_set=
ac_cv_env_CPP_value=
ac_cv_env_LDFLAGS_set=
ac_cv_env_LDFLAGS_value=
ac_cv_env_LIBS_set=
ac_cv_env_LIBS_value=
ac_cv_env_build_alias_set=
ac_cv_env_build_alias_value=
ac_cv_env_host_alias_set=
ac_cv_env_host_alias_value=
ac_cv_env_target_alias_set=
ac_cv_env_target_alias_value=
ac_cv_header_dlfcn_h=yes
ac_cv_header_inttypes_h=yes
ac_cv_header_memory_h=yes
ac_cv_header_stdc=yes
ac_cv_header_stdint_h=yes
ac_cv_header_stdlib_h=yes
ac_cv_header_string_h=yes
ac_cv_header_strings_h=yes
ac_cv_header_sys_stat_h=yes
ac_cv_header_sys_types_h=yes
ac_cv_header_unistd_h=yes
ac_cv_host=x86_64-unknown-linux-gnu
ac_cv_objext=o
ac_cv_path_EGREP='/bin/grep -E'
ac_cv_path_FGREP='/bin/grep -F'
ac_cv_path_GREP=/bin/grep
ac_cv_path_SED=/bin/sed
ac_cv_path_install='/usr/bin/install -c'
ac_cv_path_mkdir=/bin/mkdir
ac_cv_prog_AWK=gawk
ac_cv_prog_CPP='gcc -E'
ac_cv_prog_ac_ct_AR=ar
ac_cv_prog_ac_ct_CC=gcc
ac_cv_prog_ac_ct_OBJDUMP=objdump
ac_cv_prog_ac_ct_RANLIB=ranlib
ac_cv_prog_ac_ct_STRIP=strip
ac_cv_prog_cc_c89=
ac_cv_prog_cc_g=yes
ac_cv_prog_make_make_set=yes
am_cv_CC_dependencies_compiler_type=gcc3
lt_cv_deplibs_check_method=pass_all
lt_cv_file_magic_cmd='$MAGIC_CMD'
lt_cv_file_magic_test_file=
lt_cv_ld_reload_flag=-r
lt_cv_nm_interface='BSD nm'
lt_cv_objdir=.libs
lt_cv_path_LD=/usr/bin/ld
lt_cv_path_NM='/usr/bin/nm -B'
lt_cv_prog_compiler_c_o=yes
lt_cv_prog_compiler_pic_works=yes
lt_cv_prog_compiler_rtti_exceptions=no
lt_cv_prog_compiler_static_works=no
lt_cv_prog_gnu_ld=yes
lt_cv_sys_global_symbol_pipe='sed -n -e '\''s/^.*[	 ]\([ABCDGIRSTW][ABCDGIRSTW]*\)[	 ][	 ]*\([_A-Za-z][_A-Za-z0-9]*\)$/\1 \2 \2/p'\'''
lt_cv_sys_global_symbol_to_c_name_address='sed -n -e '\''s/^: \([^ ]*\) $/  {\"\1\", (void *) 0},/p'\'' -e '\''s/^[ABCDGIRSTW]* \([^ ]*\) \([^ ]*\)$/  {"\2", (void *) \&\2},/p'\'''
lt_cv_sys_global_symbol_to_c_name_address_lib_prefix='sed -n -e '\''s/^: \([^ ]*\) $/  {\"\1\", (void *) 0},/p'\'' -e '\''s/^[ABCDGIRSTW]* \([^ ]*\) \(lib[^ ]*\)$/  {"\2", (void *) \&\2},/p'\'' -e '\''s/^[ABCDGIRSTW]* \([^ ]*\) \([^ ]*\)$/  {"lib\2", (void *) \&\2},/p'\'''
lt_cv_sys_global_symbol_to_cdecl='sed -n -e '\''s/^T .* \(.*\)$/extern int \1();/p'\'' -e '\''s/^[ABCDGIRSTW]* .* \(.*\)$/extern char \1;/p'\'''
lt_cv_sys_max_cmd_len=1966080

## ----------------- ##
## Output variables. ##
## ----------------- ##

ACLOCAL='${SHELL} /media/Shared/Dropbox/Hugo_Sujit/VanishPoint/LMLSM/lmfit-2.6/build-aux/missing --run aclocal-1.11'
AMDEPBACKSLASH='\'
AMDEP_FALSE='#'
AMDEP_TRUE=''
AMTAR='${SHELL} /media/Shared/Dropbox/Hugo_Sujit/VanishPoint/LMLSM/lmfit-2.6/build-aux/missing --run tar'
AR='ar'
AUTOCONF='${SHELL} /media/Shared/Dropbox/Hugo_Sujit/VanishPoint/LMLSM/lmfit-2.6/build-aux/missing --run autoconf'
AUTOHEADER='${SHELL} /media/Shared/Dropbox/Hugo_Sujit/VanishPoint/LMLSM/lmfit-2.6/build-aux/missing --run autoheader'
AUTOMAKE='${SHELL} /media/Shared/Dropbox/Hugo_Sujit/VanishPoint/LMLSM/lmfit-2.6/build-aux/missing --run automake-1.11'
AWK='gawk'
CC='gcc'
CCDEPMODE='depmode=gcc3'
CFLAGS='-g -O2'
CPP='gcc -E'
CPPFLAGS=''
CYGPATH_W='echo'
DEFS='-DHAVE_CONFIG_H'
DEPDIR='.deps'
DSYMUTIL=''
DUMPBIN=''
ECHO_C=''
ECHO_N='-n'
ECHO_T=''
EGREP='/bin/grep -E'
EXEEXT=''
FGREP='/bin/grep -F'
GREP='/bin/grep'
INSTALL_DATA='${INSTALL} -m 644'
INSTALL_PROGRAM='${INSTALL}'
INSTALL_SCRIPT='${INSTALL}'
INSTALL_STRIP_PROGRAM='$(install_sh) -c -s'
LD='/usr/bin/ld -m elf_x86_64'
LDFLAGS=''
LIBOBJS=''
LIBS=''
LIBTOOL='$(SHELL) $(top_builddir)/libtool'
LIPO=''
LN_S='ln -s'
LTLIBOBJS=''
MAKEINFO='${SHELL} /media/Shared/Dropbox/Hugo_Sujit/VanishPoint/LMLSM/lmfit-2.6/build-aux/missing --run makeinfo'
MKDIR_P='/bin/mkdir -p'
NM='/usr/bin/nm -B'
NMEDIT=''
OBJDUMP='objdump'
OBJEXT='o'
OTOOL64=''
OTOOL=''
PACKAGE='lmfit'
PACKAGE_BUGREPORT='http://www.messen-und-deuten.de/lmfit'
PACKAGE_NAME='lmfit'
PACKAGE_STRING='lmfit <version>'
PACKAGE_TARNAME='lmfit'
PACKAGE_URL=''
PACKAGE_VERSION='<version>'
PATH_SEPARATOR=':'
RANLIB='ranlib'
SED='/bin/sed'
SET_MAKE=''
SHELL='/bin/sh'
STRIP='strip'
VERSION='<version>'
ac_ct_CC='gcc'
ac_ct_DUMPBIN=''
am__EXEEXT_FALSE=''
am__EXEEXT_TRUE='#'
am__fastdepCC_FALSE='#'
am__fastdepCC_TRUE=''
am__include='include'
am__isrc=''
am__leading_dot='.'
am__quote=''
am__tar='${AMTAR} chof - "$$tardir"'
am__untar='${AMTAR} xf -'
bindir='${exec_prefix}/bin'
build='x86_64-unknown-linux-gnu'
build_alias=''
build_cpu='x86_64'
build_os='linux-gnu'
build_vendor='unknown'
datadir='${datarootdir}'
datarootdir='${prefix}/share'
docdir='${datarootdir}/doc/${PACKAGE_TARNAME}'
dvidir='${docdir}'
exec_prefix='${prefix}'
host='x86_64-unknown-linux-gnu'
host_alias=''
host_cpu='x86_64'
host_os='linux-gnu'
host_vendor='unknown'
htmldir='${docdir}'
includedir='${prefix}/include'
infodir='${datarootdir}/info'
install_sh='${SHELL} /media/Shared/Dropbox/Hugo_Sujit/VanishPoint/LMLSM/lmfit-2.6/build-aux/install-sh'
libdir='${exec_prefix}/lib'
libexecdir='${exec_prefix}/libexec'
localedir='${datarootdir}/locale'
localstatedir='${prefix}/var'
lt_ECHO='echo'
mandir='${datarootdir}/man'
mkdir_p='/bin/mkdir -p'
oldincludedir='/usr/include'
pdfdir='${docdir}'
prefix='/usr/local'
program_transform_name='s,x,x,'
psdir='${docdir}'
sbindir='${exec_prefix}/sbin'
sharedstatedir='${prefix}/com'
sysconfdir='${prefix}/etc'
target_alias=''

## ----------- ##
## confdefs.h. ##
## ----------- ##

/* confdefs.h */
#define PACKAGE_NAME "lmfit"
#define PACKAGE_TARNAME "lmfit"
#define PACKAGE_VERSION "<version>"
#define PACKAGE_STRING "lmfit <version>"
#define PACKAGE_BUGREPORT "http://www.messen-und-deuten.de/lmfit"
#define PACKAGE_URL ""
#define PACKAGE "lmfit"
#define VERSION "<version>"
#define STDC_HEADERS 1
#define HAVE_SYS_TYPES_H 1
#define HAVE_SYS_STAT_H 1
#define HAVE_STDLIB_H 1
#define HAVE_STRING_H 1
#define HAVE_MEMORY_H 1
#define HAVE_STRINGS_H 1
#define HAVE_INTTYPES_H 1
#define HAVE_STDINT_H 1
#define HAVE_UNISTD_H 1
#define HAVE_DLFCN_H 1
#define LT_OBJDIR ".libs/"

configure: exit 0
